<?xml version="1.0" encoding="UTF-8"?>
<!-- Generated by org.testng.reporters.JUnitReportReporter -->
<testsuite hostname="DS_PREMNATH_R" name="framework.Main" tests="2" failures="0" timestamp="19 Apr 2016 08:02:02 GMT" time="0.396" errors="0">
  <testcase name="main" time="0.239" classname="framework.Main"/>
  <testcase name="main" time="0.157" classname="framework.Main"/>
</testsuite> <!-- framework.Main -->
